Decoding: encoding
Network 1
Network 2
Network 3
Network 4
Network 5
Network 6
Network 7
Network 8
Network 9
Network 10
Network 11
Network 12
Decoding: delay
Network 1
Network 2
Network 3
Network 4
Network 5
Network 6
Network 7
Network 8
Network 9
Network 10
Network 11
Network 12
Decoding: encoding → delay (cross-generalization)
Network 1
Network 2
Network 3
Network 4
Network 5
Network 6
Network 7
Network 8
Network 9
Network 10
Network 11
Network 12
Decoding: delay → encoding (reverse cross-generalization)
Network 1
Network 2
Network 3
Network 4
Network 5
Network 6
Network 7
Network 8
Network 9
Network 10
Network 11
Network 12
